<?xml version="1.0" encoding="UTF-8"?>
<!-- Generated by org.testng.reporters.JUnitReportReporter -->
<testsuite skipped="0" hostname="christiandlo" name="SeleniumJenkinsTestNGprueba1.AccesoUser" tests="1" failures="0" timestamp="10 dic 2017 21:55:01 GMT" time="11.264" errors="0">
  <testcase name="ingresaUser" time="11.264" classname="SeleniumJenkinsTestNGprueba1.AccesoUser"/>
</testsuite> <!-- SeleniumJenkinsTestNGprueba1.AccesoUser -->
