<?xml version="1.0" encoding="UTF-8"?>
<!-- Generated by org.testng.reporters.JUnitReportReporter -->
<testsuite skipped="0" hostname="christiandlo" name="SeleniumJenkinsTestNGprueba1.Prueba_deElementos" tests="1" failures="0" timestamp="10 dic 2017 21:55:01 GMT" time="6.867" errors="0">
  <testcase name="getTitleAutentiaTest" time="6.867" classname="SeleniumJenkinsTestNGprueba1.Prueba_deElementos"/>
</testsuite> <!-- SeleniumJenkinsTestNGprueba1.Prueba_deElementos -->
